[09-Apr-2016 17:02:47 UTC] PHP Warning:  require_once(MySQL/dbConnect.php): failed to open stream: No such file or directory in /home/ubuntu/workspace/Browse/resultsBrowse.php on line 2
[09-Apr-2016 17:02:47 UTC] PHP Stack trace:
[09-Apr-2016 17:02:47 UTC] PHP   1. {main}() /home/ubuntu/workspace/Browse/resultsBrowse.php:0
[09-Apr-2016 17:02:47 UTC] PHP Fatal error:  require_once(): Failed opening required 'MySQL/dbConnect.php' (include_path='.:/usr/share/php:/usr/share/pear') in /home/ubuntu/workspace/Browse/resultsBrowse.php on line 2
[09-Apr-2016 17:02:47 UTC] PHP Stack trace:
[09-Apr-2016 17:02:47 UTC] PHP   1. {main}() /home/ubuntu/workspace/Browse/resultsBrowse.php:0
[09-Apr-2016 17:04:11 UTC] PHP Warning:  require_once(..MySQL/dbConnect.php): failed to open stream: No such file or directory in /home/ubuntu/workspace/Browse/resultsBrowse.php on line 2
[09-Apr-2016 17:04:11 UTC] PHP Stack trace:
[09-Apr-2016 17:04:11 UTC] PHP   1. {main}() /home/ubuntu/workspace/Browse/resultsBrowse.php:0
[09-Apr-2016 17:04:11 UTC] PHP Fatal error:  require_once(): Failed opening required '..MySQL/dbConnect.php' (include_path='.:/usr/share/php:/usr/share/pear') in /home/ubuntu/workspace/Browse/resultsBrowse.php on line 2
[09-Apr-2016 17:04:11 UTC] PHP Stack trace:
[09-Apr-2016 17:04:11 UTC] PHP   1. {main}() /home/ubuntu/workspace/Browse/resultsBrowse.php:0
[09-Apr-2016 17:15:34 UTC] PHP Warning:  mysqli_query() expects parameter 1 to be mysqli, null given in /home/ubuntu/workspace/Login/login.php on line 11
[09-Apr-2016 17:15:34 UTC] PHP Stack trace:
[09-Apr-2016 17:15:34 UTC] PHP   1. {main}() /home/ubuntu/workspace/Login/login.php:0
[09-Apr-2016 17:15:34 UTC] PHP   2. mysqli_query() /home/ubuntu/workspace/Login/login.php:11
[09-Apr-2016 17:36:53 UTC] PHP Warning:  mysqli_fetch_assoc() expects parameter 1 to be mysqli_result, boolean given in /home/ubuntu/workspace/Submit/submit.php on line 32
[09-Apr-2016 17:36:53 UTC] PHP Stack trace:
[09-Apr-2016 17:36:53 UTC] PHP   1. {main}() /home/ubuntu/workspace/Submit/submit.php:0
[09-Apr-2016 17:36:53 UTC] PHP   2. mysqli_fetch_assoc() /home/ubuntu/workspace/Submit/submit.php:32
[09-Apr-2016 17:39:55 UTC] PHP Warning:  mysqli_fetch_assoc() expects parameter 1 to be mysqli_result, boolean given in /home/ubuntu/workspace/Submit/submit.php on line 33
[09-Apr-2016 17:39:55 UTC] PHP Stack trace:
[09-Apr-2016 17:39:55 UTC] PHP   1. {main}() /home/ubuntu/workspace/Submit/submit.php:0
[09-Apr-2016 17:39:55 UTC] PHP   2. mysqli_fetch_assoc() /home/ubuntu/workspace/Submit/submit.php:33
[09-Apr-2016 17:39:58 UTC] PHP Warning:  mysqli_fetch_assoc() expects parameter 1 to be mysqli_result, boolean given in /home/ubuntu/workspace/Submit/submit.php on line 33
[09-Apr-2016 17:39:58 UTC] PHP Stack trace:
[09-Apr-2016 17:39:58 UTC] PHP   1. {main}() /home/ubuntu/workspace/Submit/submit.php:0
[09-Apr-2016 17:39:58 UTC] PHP   2. mysqli_fetch_assoc() /home/ubuntu/workspace/Submit/submit.php:33
[09-Apr-2016 17:40:52 UTC] PHP Warning:  mysqli_fetch_assoc() expects parameter 1 to be mysqli_result, boolean given in /home/ubuntu/workspace/Submit/submit.php on line 33
[09-Apr-2016 17:40:52 UTC] PHP Stack trace:
[09-Apr-2016 17:40:52 UTC] PHP   1. {main}() /home/ubuntu/workspace/Submit/submit.php:0
[09-Apr-2016 17:40:52 UTC] PHP   2. mysqli_fetch_assoc() /home/ubuntu/workspace/Submit/submit.php:33
[09-Apr-2016 18:25:19 UTC] PHP Warning:  require_once(../Login/sessionVerifiy.php): failed to open stream: No such file or directory in /home/ubuntu/workspace/Submit/submit.php on line 4
[09-Apr-2016 18:25:19 UTC] PHP Stack trace:
[09-Apr-2016 18:25:19 UTC] PHP   1. {main}() /home/ubuntu/workspace/Submit/submit.php:0
[09-Apr-2016 18:25:19 UTC] PHP Fatal error:  require_once(): Failed opening required '../Login/sessionVerifiy.php' (include_path='.:/usr/share/php:/usr/share/pear') in /home/ubuntu/workspace/Submit/submit.php on line 4
[09-Apr-2016 18:25:19 UTC] PHP Stack trace:
[09-Apr-2016 18:25:19 UTC] PHP   1. {main}() /home/ubuntu/workspace/Submit/submit.php:0
[09-Apr-2016 18:26:14 UTC] PHP Warning:  mysqli_fetch_assoc() expects parameter 1 to be mysqli_result, boolean given in /home/ubuntu/workspace/Submit/submit.php on line 34
[09-Apr-2016 18:26:14 UTC] PHP Stack trace:
[09-Apr-2016 18:26:14 UTC] PHP   1. {main}() /home/ubuntu/workspace/Submit/submit.php:0
[09-Apr-2016 18:26:14 UTC] PHP   2. mysqli_fetch_assoc() /home/ubuntu/workspace/Submit/submit.php:34
[09-Apr-2016 18:28:26 UTC] PHP Warning:  mysqli_fetch_assoc() expects parameter 1 to be mysqli_result, boolean given in /home/ubuntu/workspace/Submit/submit.php on line 34
[09-Apr-2016 18:28:26 UTC] PHP Stack trace:
[09-Apr-2016 18:28:26 UTC] PHP   1. {main}() /home/ubuntu/workspace/Submit/submit.php:0
[09-Apr-2016 18:28:26 UTC] PHP   2. mysqli_fetch_assoc() /home/ubuntu/workspace/Submit/submit.php:34
[09-Apr-2016 18:30:31 UTC] PHP Warning:  mysqli_fetch_assoc() expects parameter 1 to be mysqli_result, boolean given in /home/ubuntu/workspace/Submit/submit.php on line 34
[09-Apr-2016 18:30:31 UTC] PHP Stack trace:
[09-Apr-2016 18:30:31 UTC] PHP   1. {main}() /home/ubuntu/workspace/Submit/submit.php:0
[09-Apr-2016 18:30:31 UTC] PHP   2. mysqli_fetch_assoc() /home/ubuntu/workspace/Submit/submit.php:34
[09-Apr-2016 19:46:01 UTC] PHP Parse error:  syntax error, unexpected '<' in /home/ubuntu/workspace/Signup/signup.php on line 18
[09-Apr-2016 22:37:54 UTC] PHP Parse error:  syntax error, unexpected ''subCategories'' (T_CONSTANT_ENCAPSED_STRING), expecting ')' in /home/ubuntu/workspace/Submit/category.php on line 89
[09-Apr-2016 22:37:54 UTC] PHP Stack trace:
[09-Apr-2016 22:37:54 UTC] PHP   1. {main}() /home/ubuntu/workspace/Submit/submit.php:0
[09-Apr-2016 22:38:32 UTC] PHP Parse error:  syntax error, unexpected ''subCategories'' (T_CONSTANT_ENCAPSED_STRING), expecting ')' in /home/ubuntu/workspace/Submit/category.php on line 153
[09-Apr-2016 22:38:32 UTC] PHP Stack trace:
[09-Apr-2016 22:38:32 UTC] PHP   1. {main}() /home/ubuntu/workspace/Submit/submit.php:0
[09-Apr-2016 22:38:59 UTC] PHP Parse error:  syntax error, unexpected ',' in /home/ubuntu/workspace/Submit/category.php on line 224
[09-Apr-2016 22:38:59 UTC] PHP Stack trace:
[09-Apr-2016 22:38:59 UTC] PHP   1. {main}() /home/ubuntu/workspace/Submit/submit.php:0
[09-Apr-2016 22:39:21 UTC] PHP Parse error:  syntax error, unexpected ',' in /home/ubuntu/workspace/Submit/category.php on line 224
[09-Apr-2016 22:39:21 UTC] PHP Stack trace:
[09-Apr-2016 22:39:21 UTC] PHP   1. {main}() /home/ubuntu/workspace/Submit/submit.php:0
[09-Apr-2016 22:39:22 UTC] PHP Parse error:  syntax error, unexpected ',' in /home/ubuntu/workspace/Submit/category.php on line 224
[09-Apr-2016 22:39:22 UTC] PHP Stack trace:
[09-Apr-2016 22:39:22 UTC] PHP   1. {main}() /home/ubuntu/workspace/Submit/submit.php:0
[09-Apr-2016 22:39:28 UTC] PHP Parse error:  syntax error, unexpected ')' in /home/ubuntu/workspace/Submit/category.php on line 225
[09-Apr-2016 22:39:28 UTC] PHP Stack trace:
[09-Apr-2016 22:39:28 UTC] PHP   1. {main}() /home/ubuntu/workspace/Submit/submit.php:0
[09-Apr-2016 22:43:49 UTC] PHP Fatal error:  Call to undefined function echoMenu() in /home/ubuntu/workspace/Submit/category.php on line 7
[09-Apr-2016 22:43:49 UTC] PHP Stack trace:
[09-Apr-2016 22:43:49 UTC] PHP   1. {main}() /home/ubuntu/workspace/Submit/submit.php:0
[09-Apr-2016 22:43:49 UTC] PHP   2. recursive() /home/ubuntu/workspace/Submit/submit.php:20
[09-Apr-2016 22:48:28 UTC] PHP Parse error:  syntax error, unexpected '' (T_ENCAPSED_AND_WHITESPACE), expecting identifier (T_STRING) or variable (T_VARIABLE) or number (T_NUM_STRING) in /home/ubuntu/workspace/Submit/category.php on line 5
[09-Apr-2016 22:48:28 UTC] PHP Stack trace:
[09-Apr-2016 22:48:28 UTC] PHP   1. {main}() /home/ubuntu/workspace/Submit/submit.php:0
[09-Apr-2016 23:24:03 UTC] PHP Warning:  Illegal string offset 'name' in /home/ubuntu/workspace/Submit/category.php on line 8
[09-Apr-2016 23:24:03 UTC] PHP Stack trace:
[09-Apr-2016 23:24:03 UTC] PHP   1. {main}() /home/ubuntu/workspace/Submit/submit.php:0
[09-Apr-2016 23:24:03 UTC] PHP   2. recursive() /home/ubuntu/workspace/Submit/submit.php:20
[09-Apr-2016 23:24:03 UTC] PHP   3. recursive() /home/ubuntu/workspace/Submit/category.php:6
[09-Apr-2016 23:24:03 UTC] PHP Warning:  Illegal string offset 'name' in /home/ubuntu/workspace/Submit/category.php on line 8
[09-Apr-2016 23:24:03 UTC] PHP Stack trace:
[09-Apr-2016 23:24:03 UTC] PHP   1. {main}() /home/ubuntu/workspace/Submit/submit.php:0
[09-Apr-2016 23:24:03 UTC] PHP   2. recursive() /home/ubuntu/workspace/Submit/submit.php:20
[09-Apr-2016 23:24:03 UTC] PHP   3. recursive() /home/ubuntu/workspace/Submit/category.php:6
[09-Apr-2016 23:24:03 UTC] PHP Warning:  Illegal string offset 'name' in /home/ubuntu/workspace/Submit/category.php on line 8
[09-Apr-2016 23:24:03 UTC] PHP Stack trace:
[09-Apr-2016 23:24:03 UTC] PHP   1. {main}() /home/ubuntu/workspace/Submit/submit.php:0
[09-Apr-2016 23:24:03 UTC] PHP   2. recursive() /home/ubuntu/workspace/Submit/submit.php:20
[09-Apr-2016 23:24:03 UTC] PHP   3. recursive() /home/ubuntu/workspace/Submit/category.php:6
[09-Apr-2016 23:24:03 UTC] PHP Warning:  Illegal string offset 'name' in /home/ubuntu/workspace/Submit/category.php on line 8
[09-Apr-2016 23:24:03 UTC] PHP Stack trace:
[09-Apr-2016 23:24:03 UTC] PHP   1. {main}() /home/ubuntu/workspace/Submit/submit.php:0
[09-Apr-2016 23:24:03 UTC] PHP   2. recursive() /home/ubuntu/workspace/Submit/submit.php:20
[09-Apr-2016 23:24:03 UTC] PHP   3. recursive() /home/ubuntu/workspace/Submit/category.php:6
[09-Apr-2016 23:24:03 UTC] PHP Warning:  Illegal string offset 'name' in /home/ubuntu/workspace/Submit/category.php on line 8
[09-Apr-2016 23:24:03 UTC] PHP Stack trace:
[09-Apr-2016 23:24:03 UTC] PHP   1. {main}() /home/ubuntu/workspace/Submit/submit.php:0
[09-Apr-2016 23:24:03 UTC] PHP   2. recursive() /home/ubuntu/workspace/Submit/submit.php:20
[09-Apr-2016 23:24:03 UTC] PHP   3. recursive() /home/ubuntu/workspace/Submit/category.php:6
[09-Apr-2016 23:24:03 UTC] PHP Warning:  Illegal string offset 'name' in /home/ubuntu/workspace/Submit/category.php on line 8
[09-Apr-2016 23:24:03 UTC] PHP Stack trace:
[09-Apr-2016 23:24:03 UTC] PHP   1. {main}() /home/ubuntu/workspace/Submit/submit.php:0
[09-Apr-2016 23:24:03 UTC] PHP   2. recursive() /home/ubuntu/workspace/Submit/submit.php:20
[09-Apr-2016 23:24:03 UTC] PHP   3. recursive() /home/ubuntu/workspace/Submit/category.php:6
[09-Apr-2016 23:24:03 UTC] PHP Warning:  Illegal string offset 'name' in /home/ubuntu/workspace/Submit/category.php on line 8
[09-Apr-2016 23:24:03 UTC] PHP Stack trace:
[09-Apr-2016 23:24:03 UTC] PHP   1. {main}() /home/ubuntu/workspace/Submit/submit.php:0
[09-Apr-2016 23:24:03 UTC] PHP   2. recursive() /home/ubuntu/workspace/Submit/submit.php:20
[09-Apr-2016 23:24:03 UTC] PHP   3. recursive() /home/ubuntu/workspace/Submit/category.php:6
[09-Apr-2016 23:24:03 UTC] PHP Warning:  Illegal string offset 'name' in /home/ubuntu/workspace/Submit/category.php on line 8
[09-Apr-2016 23:24:03 UTC] PHP Stack trace:
[09-Apr-2016 23:24:03 UTC] PHP   1. {main}() /home/ubuntu/workspace/Submit/submit.php:0
[09-Apr-2016 23:24:03 UTC] PHP   2. recursive() /home/ubuntu/workspace/Submit/submit.php:20
[09-Apr-2016 23:24:03 UTC] PHP   3. recursive() /home/ubuntu/workspace/Submit/category.php:6
[09-Apr-2016 23:24:03 UTC] PHP Warning:  Illegal string offset 'name' in /home/ubuntu/workspace/Submit/category.php on line 8
[09-Apr-2016 23:24:03 UTC] PHP Stack trace:
[09-Apr-2016 23:24:03 UTC] PHP   1. {main}() /home/ubuntu/workspace/Submit/submit.php:0
[09-Apr-2016 23:24:03 UTC] PHP   2. recursive() /home/ubuntu/workspace/Submit/submit.php:20
[09-Apr-2016 23:24:03 UTC] PHP   3. recursive() /home/ubuntu/workspace/Submit/category.php:6
[09-Apr-2016 23:24:03 UTC] PHP Warning:  Illegal string offset 'name' in /home/ubuntu/workspace/Submit/category.php on line 8
[09-Apr-2016 23:24:03 UTC] PHP Stack trace:
[09-Apr-2016 23:24:03 UTC] PHP   1. {main}() /home/ubuntu/workspace/Submit/submit.php:0
[09-Apr-2016 23:24:03 UTC] PHP   2. recursive() /home/ubuntu/workspace/Submit/submit.php:20
[09-Apr-2016 23:24:03 UTC] PHP   3. recursive() /home/ubuntu/workspace/Submit/category.php:6
[09-Apr-2016 23:24:03 UTC] PHP Warning:  Illegal string offset 'name' in /home/ubuntu/workspace/Submit/category.php on line 8
[09-Apr-2016 23:24:03 UTC] PHP Stack trace:
[09-Apr-2016 23:24:03 UTC] PHP   1. {main}() /home/ubuntu/workspace/Submit/submit.php:0
[09-Apr-2016 23:24:03 UTC] PHP   2. recursive() /home/ubuntu/workspace/Submit/submit.php:20
[09-Apr-2016 23:24:03 UTC] PHP   3. recursive() /home/ubuntu/workspace/Submit/category.php:6
[09-Apr-2016 23:24:03 UTC] PHP Warning:  Illegal string offset 'name' in /home/ubuntu/workspace/Submit/category.php on line 8
[09-Apr-2016 23:24:03 UTC] PHP Stack trace:
[09-Apr-2016 23:24:03 UTC] PHP   1. {main}() /home/ubuntu/workspace/Submit/submit.php:0
[09-Apr-2016 23:24:03 UTC] PHP   2. recursive() /home/ubuntu/workspace/Submit/submit.php:20
[09-Apr-2016 23:24:03 UTC] PHP   3. recursive() /home/ubuntu/workspace/Submit/category.php:6
[09-Apr-2016 23:24:03 UTC] PHP Warning:  Illegal string offset 'name' in /home/ubuntu/workspace/Submit/category.php on line 8
[09-Apr-2016 23:24:03 UTC] PHP Stack trace:
[09-Apr-2016 23:24:03 UTC] PHP   1. {main}() /home/ubuntu/workspace/Submit/submit.php:0
[09-Apr-2016 23:24:03 UTC] PHP   2. recursive() /home/ubuntu/workspace/Submit/submit.php:20
[09-Apr-2016 23:24:03 UTC] PHP   3. recursive() /home/ubuntu/workspace/Submit/category.php:6
[09-Apr-2016 23:24:03 UTC] PHP Warning:  Illegal string offset 'name' in /home/ubuntu/workspace/Submit/category.php on line 8
[09-Apr-2016 23:24:03 UTC] PHP Stack trace:
[09-Apr-2016 23:24:03 UTC] PHP   1. {main}() /home/ubuntu/workspace/Submit/submit.php:0
[09-Apr-2016 23:24:03 UTC] PHP   2. recursive() /home/ubuntu/workspace/Submit/submit.php:20
[09-Apr-2016 23:24:03 UTC] PHP   3. recursive() /home/ubuntu/workspace/Submit/category.php:6
[09-Apr-2016 23:24:03 UTC] PHP Warning:  Illegal string offset 'name' in /home/ubuntu/workspace/Submit/category.php on line 8
[09-Apr-2016 23:24:03 UTC] PHP Stack trace:
[09-Apr-2016 23:24:03 UTC] PHP   1. {main}() /home/ubuntu/workspace/Submit/submit.php:0
[09-Apr-2016 23:24:03 UTC] PHP   2. recursive() /home/ubuntu/workspace/Submit/submit.php:20
[09-Apr-2016 23:24:03 UTC] PHP   3. recursive() /home/ubuntu/workspace/Submit/category.php:6
[09-Apr-2016 23:24:03 UTC] PHP Warning:  Illegal string offset 'name' in /home/ubuntu/workspace/Submit/category.php on line 8
[09-Apr-2016 23:24:03 UTC] PHP Stack trace:
[09-Apr-2016 23:24:03 UTC] PHP   1. {main}() /home/ubuntu/workspace/Submit/submit.php:0
[09-Apr-2016 23:24:03 UTC] PHP   2. recursive() /home/ubuntu/workspace/Submit/submit.php:20
[09-Apr-2016 23:24:03 UTC] PHP   3. recursive() /home/ubuntu/workspace/Submit/category.php:6
[09-Apr-2016 23:24:58 UTC] PHP Parse error:  syntax error, unexpected '}', expecting ',' or ';' in /home/ubuntu/workspace/Submit/category.php on line 8
[09-Apr-2016 23:24:58 UTC] PHP Stack trace:
[09-Apr-2016 23:24:58 UTC] PHP   1. {main}() /home/ubuntu/workspace/Submit/submit.php:0
[09-Apr-2016 23:25:06 UTC] PHP Warning:  Illegal string offset 'name' in /home/ubuntu/workspace/Submit/category.php on line 9
[09-Apr-2016 23:25:06 UTC] PHP Stack trace:
[09-Apr-2016 23:25:06 UTC] PHP   1. {main}() /home/ubuntu/workspace/Submit/submit.php:0
[09-Apr-2016 23:25:06 UTC] PHP   2. recursive() /home/ubuntu/workspace/Submit/submit.php:20
[09-Apr-2016 23:25:06 UTC] PHP   3. recursive() /home/ubuntu/workspace/Submit/category.php:6
[09-Apr-2016 23:25:06 UTC] PHP Warning:  Illegal string offset 'name' in /home/ubuntu/workspace/Submit/category.php on line 9
[09-Apr-2016 23:25:06 UTC] PHP Stack trace:
[09-Apr-2016 23:25:06 UTC] PHP   1. {main}() /home/ubuntu/workspace/Submit/submit.php:0
[09-Apr-2016 23:25:06 UTC] PHP   2. recursive() /home/ubuntu/workspace/Submit/submit.php:20
[09-Apr-2016 23:25:06 UTC] PHP   3. recursive() /home/ubuntu/workspace/Submit/category.php:6
[09-Apr-2016 23:25:06 UTC] PHP Warning:  Illegal string offset 'name' in /home/ubuntu/workspace/Submit/category.php on line 9
[09-Apr-2016 23:25:06 UTC] PHP Stack trace:
[09-Apr-2016 23:25:06 UTC] PHP   1. {main}() /home/ubuntu/workspace/Submit/submit.php:0
[09-Apr-2016 23:25:06 UTC] PHP   2. recursive() /home/ubuntu/workspace/Submit/submit.php:20
[09-Apr-2016 23:25:06 UTC] PHP   3. recursive() /home/ubuntu/workspace/Submit/category.php:6
[09-Apr-2016 23:25:06 UTC] PHP Warning:  Illegal string offset 'name' in /home/ubuntu/workspace/Submit/category.php on line 9
[09-Apr-2016 23:25:06 UTC] PHP Stack trace:
[09-Apr-2016 23:25:06 UTC] PHP   1. {main}() /home/ubuntu/workspace/Submit/submit.php:0
[09-Apr-2016 23:25:06 UTC] PHP   2. recursive() /home/ubuntu/workspace/Submit/submit.php:20
[09-Apr-2016 23:25:06 UTC] PHP   3. recursive() /home/ubuntu/workspace/Submit/category.php:6
[09-Apr-2016 23:25:06 UTC] PHP Warning:  Illegal string offset 'name' in /home/ubuntu/workspace/Submit/category.php on line 9
[09-Apr-2016 23:25:06 UTC] PHP Stack trace:
[09-Apr-2016 23:25:06 UTC] PHP   1. {main}() /home/ubuntu/workspace/Submit/submit.php:0
[09-Apr-2016 23:25:06 UTC] PHP   2. recursive() /home/ubuntu/workspace/Submit/submit.php:20
[09-Apr-2016 23:25:06 UTC] PHP   3. recursive() /home/ubuntu/workspace/Submit/category.php:6
[09-Apr-2016 23:25:06 UTC] PHP Warning:  Illegal string offset 'name' in /home/ubuntu/workspace/Submit/category.php on line 9
[09-Apr-2016 23:25:06 UTC] PHP Stack trace:
[09-Apr-2016 23:25:06 UTC] PHP   1. {main}() /home/ubuntu/workspace/Submit/submit.php:0
[09-Apr-2016 23:25:06 UTC] PHP   2. recursive() /home/ubuntu/workspace/Submit/submit.php:20
[09-Apr-2016 23:25:06 UTC] PHP   3. recursive() /home/ubuntu/workspace/Submit/category.php:6
[09-Apr-2016 23:25:06 UTC] PHP Warning:  Illegal string offset 'name' in /home/ubuntu/workspace/Submit/category.php on line 9
[09-Apr-2016 23:25:06 UTC] PHP Stack trace:
[09-Apr-2016 23:25:06 UTC] PHP   1. {main}() /home/ubuntu/workspace/Submit/submit.php:0
[09-Apr-2016 23:25:06 UTC] PHP   2. recursive() /home/ubuntu/workspace/Submit/submit.php:20
[09-Apr-2016 23:25:06 UTC] PHP   3. recursive() /home/ubuntu/workspace/Submit/category.php:6
[09-Apr-2016 23:25:06 UTC] PHP Warning:  Illegal string offset 'name' in /home/ubuntu/workspace/Submit/category.php on line 9
[09-Apr-2016 23:25:06 UTC] PHP Stack trace:
[09-Apr-2016 23:25:06 UTC] PHP   1. {main}() /home/ubuntu/workspace/Submit/submit.php:0
[09-Apr-2016 23:25:06 UTC] PHP   2. recursive() /home/ubuntu/workspace/Submit/submit.php:20
[09-Apr-2016 23:25:06 UTC] PHP   3. recursive() /home/ubuntu/workspace/Submit/category.php:6
[09-Apr-2016 23:25:06 UTC] PHP Warning:  Illegal string offset 'name' in /home/ubuntu/workspace/Submit/category.php on line 9
[09-Apr-2016 23:25:06 UTC] PHP Stack trace:
[09-Apr-2016 23:25:06 UTC] PHP   1. {main}() /home/ubuntu/workspace/Submit/submit.php:0
[09-Apr-2016 23:25:06 UTC] PHP   2. recursive() /home/ubuntu/workspace/Submit/submit.php:20
[09-Apr-2016 23:25:06 UTC] PHP   3. recursive() /home/ubuntu/workspace/Submit/category.php:6
[09-Apr-2016 23:25:06 UTC] PHP Warning:  Illegal string offset 'name' in /home/ubuntu/workspace/Submit/category.php on line 9
[09-Apr-2016 23:25:06 UTC] PHP Stack trace:
[09-Apr-2016 23:25:06 UTC] PHP   1. {main}() /home/ubuntu/workspace/Submit/submit.php:0
[09-Apr-2016 23:25:06 UTC] PHP   2. recursive() /home/ubuntu/workspace/Submit/submit.php:20
[09-Apr-2016 23:25:06 UTC] PHP   3. recursive() /home/ubuntu/workspace/Submit/category.php:6
[09-Apr-2016 23:25:06 UTC] PHP Warning:  Illegal string offset 'name' in /home/ubuntu/workspace/Submit/category.php on line 9
[09-Apr-2016 23:25:06 UTC] PHP Stack trace:
[09-Apr-2016 23:25:06 UTC] PHP   1. {main}() /home/ubuntu/workspace/Submit/submit.php:0
[09-Apr-2016 23:25:06 UTC] PHP   2. recursive() /home/ubuntu/workspace/Submit/submit.php:20
[09-Apr-2016 23:25:06 UTC] PHP   3. recursive() /home/ubuntu/workspace/Submit/category.php:6
[09-Apr-2016 23:25:06 UTC] PHP Warning:  Illegal string offset 'name' in /home/ubuntu/workspace/Submit/category.php on line 9
[09-Apr-2016 23:25:06 UTC] PHP Stack trace:
[09-Apr-2016 23:25:06 UTC] PHP   1. {main}() /home/ubuntu/workspace/Submit/submit.php:0
[09-Apr-2016 23:25:06 UTC] PHP   2. recursive() /home/ubuntu/workspace/Submit/submit.php:20
[09-Apr-2016 23:25:06 UTC] PHP   3. recursive() /home/ubuntu/workspace/Submit/category.php:6
[09-Apr-2016 23:25:06 UTC] PHP Warning:  Illegal string offset 'name' in /home/ubuntu/workspace/Submit/category.php on line 9
[09-Apr-2016 23:25:06 UTC] PHP Stack trace:
[09-Apr-2016 23:25:06 UTC] PHP   1. {main}() /home/ubuntu/workspace/Submit/submit.php:0
[09-Apr-2016 23:25:06 UTC] PHP   2. recursive() /home/ubuntu/workspace/Submit/submit.php:20
[09-Apr-2016 23:25:06 UTC] PHP   3. recursive() /home/ubuntu/workspace/Submit/category.php:6
[09-Apr-2016 23:25:06 UTC] PHP Warning:  Illegal string offset 'name' in /home/ubuntu/workspace/Submit/category.php on line 9
[09-Apr-2016 23:25:06 UTC] PHP Stack trace:
[09-Apr-2016 23:25:06 UTC] PHP   1. {main}() /home/ubuntu/workspace/Submit/submit.php:0
[09-Apr-2016 23:25:06 UTC] PHP   2. recursive() /home/ubuntu/workspace/Submit/submit.php:20
[09-Apr-2016 23:25:06 UTC] PHP   3. recursive() /home/ubuntu/workspace/Submit/category.php:6
[09-Apr-2016 23:25:06 UTC] PHP Warning:  Illegal string offset 'name' in /home/ubuntu/workspace/Submit/category.php on line 9
[09-Apr-2016 23:25:06 UTC] PHP Stack trace:
[09-Apr-2016 23:25:06 UTC] PHP   1. {main}() /home/ubuntu/workspace/Submit/submit.php:0
[09-Apr-2016 23:25:06 UTC] PHP   2. recursive() /home/ubuntu/workspace/Submit/submit.php:20
[09-Apr-2016 23:25:06 UTC] PHP   3. recursive() /home/ubuntu/workspace/Submit/category.php:6
[09-Apr-2016 23:25:06 UTC] PHP Warning:  Illegal string offset 'name' in /home/ubuntu/workspace/Submit/category.php on line 9
[09-Apr-2016 23:25:06 UTC] PHP Stack trace:
[09-Apr-2016 23:25:06 UTC] PHP   1. {main}() /home/ubuntu/workspace/Submit/submit.php:0
[09-Apr-2016 23:25:06 UTC] PHP   2. recursive() /home/ubuntu/workspace/Submit/submit.php:20
[09-Apr-2016 23:25:06 UTC] PHP   3. recursive() /home/ubuntu/workspace/Submit/category.php:6
[09-Apr-2016 23:26:05 UTC] PHP Warning:  Illegal string offset 'name' in /home/ubuntu/workspace/Submit/category.php on line 9
[09-Apr-2016 23:26:05 UTC] PHP Stack trace:
[09-Apr-2016 23:26:05 UTC] PHP   1. {main}() /home/ubuntu/workspace/Submit/submit.php:0
[09-Apr-2016 23:26:05 UTC] PHP   2. recursive() /home/ubuntu/workspace/Submit/submit.php:20
[09-Apr-2016 23:26:05 UTC] PHP   3. recursive() /home/ubuntu/workspace/Submit/category.php:6
[09-Apr-2016 23:26:05 UTC] PHP Warning:  Illegal string offset 'name' in /home/ubuntu/workspace/Submit/category.php on line 9
[09-Apr-2016 23:26:05 UTC] PHP Stack trace:
[09-Apr-2016 23:26:05 UTC] PHP   1. {main}() /home/ubuntu/workspace/Submit/submit.php:0
[09-Apr-2016 23:26:05 UTC] PHP   2. recursive() /home/ubuntu/workspace/Submit/submit.php:20
[09-Apr-2016 23:26:05 UTC] PHP   3. recursive() /home/ubuntu/workspace/Submit/category.php:6
[09-Apr-2016 23:26:05 UTC] PHP Warning:  Illegal string offset 'name' in /home/ubuntu/workspace/Submit/category.php on line 9
[09-Apr-2016 23:26:05 UTC] PHP Stack trace:
[09-Apr-2016 23:26:05 UTC] PHP   1. {main}() /home/ubuntu/workspace/Submit/submit.php:0
[09-Apr-2016 23:26:05 UTC] PHP   2. recursive() /home/ubuntu/workspace/Submit/submit.php:20
[09-Apr-2016 23:26:05 UTC] PHP   3. recursive() /home/ubuntu/workspace/Submit/category.php:6
[09-Apr-2016 23:26:05 UTC] PHP Warning:  Illegal string offset 'name' in /home/ubuntu/workspace/Submit/category.php on line 9
[09-Apr-2016 23:26:05 UTC] PHP Stack trace:
[09-Apr-2016 23:26:05 UTC] PHP   1. {main}() /home/ubuntu/workspace/Submit/submit.php:0
[09-Apr-2016 23:26:05 UTC] PHP   2. recursive() /home/ubuntu/workspace/Submit/submit.php:20
[09-Apr-2016 23:26:05 UTC] PHP   3. recursive() /home/ubuntu/workspace/Submit/category.php:6
[09-Apr-2016 23:26:05 UTC] PHP Warning:  Illegal string offset 'name' in /home/ubuntu/workspace/Submit/category.php on line 9
[09-Apr-2016 23:26:05 UTC] PHP Stack trace:
[09-Apr-2016 23:26:05 UTC] PHP   1. {main}() /home/ubuntu/workspace/Submit/submit.php:0
[09-Apr-2016 23:26:05 UTC] PHP   2. recursive() /home/ubuntu/workspace/Submit/submit.php:20
[09-Apr-2016 23:26:05 UTC] PHP   3. recursive() /home/ubuntu/workspace/Submit/category.php:6
[09-Apr-2016 23:26:05 UTC] PHP Warning:  Illegal string offset 'name' in /home/ubuntu/workspace/Submit/category.php on line 9
[09-Apr-2016 23:26:05 UTC] PHP Stack trace:
[09-Apr-2016 23:26:05 UTC] PHP   1. {main}() /home/ubuntu/workspace/Submit/submit.php:0
[09-Apr-2016 23:26:05 UTC] PHP   2. recursive() /home/ubuntu/workspace/Submit/submit.php:20
[09-Apr-2016 23:26:05 UTC] PHP   3. recursive() /home/ubuntu/workspace/Submit/category.php:6
[09-Apr-2016 23:26:05 UTC] PHP Warning:  Illegal string offset 'name' in /home/ubuntu/workspace/Submit/category.php on line 9
[09-Apr-2016 23:26:05 UTC] PHP Stack trace:
[09-Apr-2016 23:26:05 UTC] PHP   1. {main}() /home/ubuntu/workspace/Submit/submit.php:0
[09-Apr-2016 23:26:05 UTC] PHP   2. recursive() /home/ubuntu/workspace/Submit/submit.php:20
[09-Apr-2016 23:26:05 UTC] PHP   3. recursive() /home/ubuntu/workspace/Submit/category.php:6
[09-Apr-2016 23:26:05 UTC] PHP Warning:  Illegal string offset 'name' in /home/ubuntu/workspace/Submit/category.php on line 9
[09-Apr-2016 23:26:05 UTC] PHP Stack trace:
[09-Apr-2016 23:26:05 UTC] PHP   1. {main}() /home/ubuntu/workspace/Submit/submit.php:0
[09-Apr-2016 23:26:05 UTC] PHP   2. recursive() /home/ubuntu/workspace/Submit/submit.php:20
[09-Apr-2016 23:26:05 UTC] PHP   3. recursive() /home/ubuntu/workspace/Submit/category.php:6
[09-Apr-2016 23:26:05 UTC] PHP Warning:  Illegal string offset 'name' in /home/ubuntu/workspace/Submit/category.php on line 9
[09-Apr-2016 23:26:05 UTC] PHP Stack trace:
[09-Apr-2016 23:26:05 UTC] PHP   1. {main}() /home/ubuntu/workspace/Submit/submit.php:0
[09-Apr-2016 23:26:05 UTC] PHP   2. recursive() /home/ubuntu/workspace/Submit/submit.php:20
[09-Apr-2016 23:26:05 UTC] PHP   3. recursive() /home/ubuntu/workspace/Submit/category.php:6
[09-Apr-2016 23:26:05 UTC] PHP Warning:  Illegal string offset 'name' in /home/ubuntu/workspace/Submit/category.php on line 9
[09-Apr-2016 23:26:05 UTC] PHP Stack trace:
[09-Apr-2016 23:26:05 UTC] PHP   1. {main}() /home/ubuntu/workspace/Submit/submit.php:0
[09-Apr-2016 23:26:05 UTC] PHP   2. recursive() /home/ubuntu/workspace/Submit/submit.php:20
[09-Apr-2016 23:26:05 UTC] PHP   3. recursive() /home/ubuntu/workspace/Submit/category.php:6
[09-Apr-2016 23:26:05 UTC] PHP Warning:  Illegal string offset 'name' in /home/ubuntu/workspace/Submit/category.php on line 9
[09-Apr-2016 23:26:05 UTC] PHP Stack trace:
[09-Apr-2016 23:26:05 UTC] PHP   1. {main}() /home/ubuntu/workspace/Submit/submit.php:0
[09-Apr-2016 23:26:05 UTC] PHP   2. recursive() /home/ubuntu/workspace/Submit/submit.php:20
[09-Apr-2016 23:26:05 UTC] PHP   3. recursive() /home/ubuntu/workspace/Submit/category.php:6
[09-Apr-2016 23:26:05 UTC] PHP Warning:  Illegal string offset 'name' in /home/ubuntu/workspace/Submit/category.php on line 9
[09-Apr-2016 23:26:05 UTC] PHP Stack trace:
[09-Apr-2016 23:26:05 UTC] PHP   1. {main}() /home/ubuntu/workspace/Submit/submit.php:0
[09-Apr-2016 23:26:05 UTC] PHP   2. recursive() /home/ubuntu/workspace/Submit/submit.php:20
[09-Apr-2016 23:26:05 UTC] PHP   3. recursive() /home/ubuntu/workspace/Submit/category.php:6
[09-Apr-2016 23:26:05 UTC] PHP Warning:  Illegal string offset 'name' in /home/ubuntu/workspace/Submit/category.php on line 9
[09-Apr-2016 23:26:05 UTC] PHP Stack trace:
[09-Apr-2016 23:26:05 UTC] PHP   1. {main}() /home/ubuntu/workspace/Submit/submit.php:0
[09-Apr-2016 23:26:05 UTC] PHP   2. recursive() /home/ubuntu/workspace/Submit/submit.php:20
[09-Apr-2016 23:26:05 UTC] PHP   3. recursive() /home/ubuntu/workspace/Submit/category.php:6
[09-Apr-2016 23:26:05 UTC] PHP Warning:  Illegal string offset 'name' in /home/ubuntu/workspace/Submit/category.php on line 9
[09-Apr-2016 23:26:05 UTC] PHP Stack trace:
[09-Apr-2016 23:26:05 UTC] PHP   1. {main}() /home/ubuntu/workspace/Submit/submit.php:0
[09-Apr-2016 23:26:05 UTC] PHP   2. recursive() /home/ubuntu/workspace/Submit/submit.php:20
[09-Apr-2016 23:26:05 UTC] PHP   3. recursive() /home/ubuntu/workspace/Submit/category.php:6
[09-Apr-2016 23:26:05 UTC] PHP Warning:  Illegal string offset 'name' in /home/ubuntu/workspace/Submit/category.php on line 9
[09-Apr-2016 23:26:05 UTC] PHP Stack trace:
[09-Apr-2016 23:26:05 UTC] PHP   1. {main}() /home/ubuntu/workspace/Submit/submit.php:0
[09-Apr-2016 23:26:05 UTC] PHP   2. recursive() /home/ubuntu/workspace/Submit/submit.php:20
[09-Apr-2016 23:26:05 UTC] PHP   3. recursive() /home/ubuntu/workspace/Submit/category.php:6
[09-Apr-2016 23:26:05 UTC] PHP Warning:  Illegal string offset 'name' in /home/ubuntu/workspace/Submit/category.php on line 9
[09-Apr-2016 23:26:05 UTC] PHP Stack trace:
[09-Apr-2016 23:26:05 UTC] PHP   1. {main}() /home/ubuntu/workspace/Submit/submit.php:0
[09-Apr-2016 23:26:05 UTC] PHP   2. recursive() /home/ubuntu/workspace/Submit/submit.php:20
[09-Apr-2016 23:26:05 UTC] PHP   3. recursive() /home/ubuntu/workspace/Submit/category.php:6
[09-Apr-2016 23:33:10 UTC] PHP Warning:  require_once(../Login/sessionVerifiy.php): failed to open stream: No such file or directory in /home/ubuntu/workspace/Submit/confirm.php on line 2
[09-Apr-2016 23:33:10 UTC] PHP Stack trace:
[09-Apr-2016 23:33:10 UTC] PHP   1. {main}() /home/ubuntu/workspace/Submit/confirm.php:0
[09-Apr-2016 23:33:10 UTC] PHP Fatal error:  require_once(): Failed opening required '../Login/sessionVerifiy.php' (include_path='.:/usr/share/php:/usr/share/pear') in /home/ubuntu/workspace/Submit/confirm.php on line 2
[09-Apr-2016 23:33:10 UTC] PHP Stack trace:
[09-Apr-2016 23:33:10 UTC] PHP   1. {main}() /home/ubuntu/workspace/Submit/confirm.php:0
[09-Apr-2016 23:44:09 UTC] PHP Warning:  require_once(../MySQL/dbDonnect.php): failed to open stream: No such file or directory in /home/ubuntu/workspace/Submit/confirm.php on line 4
[09-Apr-2016 23:44:09 UTC] PHP Stack trace:
[09-Apr-2016 23:44:09 UTC] PHP   1. {main}() /home/ubuntu/workspace/Submit/confirm.php:0
[09-Apr-2016 23:44:09 UTC] PHP Fatal error:  require_once(): Failed opening required '../MySQL/dbDonnect.php' (include_path='.:/usr/share/php:/usr/share/pear') in /home/ubuntu/workspace/Submit/confirm.php on line 4
[09-Apr-2016 23:44:09 UTC] PHP Stack trace:
[09-Apr-2016 23:44:09 UTC] PHP   1. {main}() /home/ubuntu/workspace/Submit/confirm.php:0
[09-Apr-2016 23:44:35 UTC] PHP Warning:  require_once(../MySQL/dbDonnect.php): failed to open stream: No such file or directory in /home/ubuntu/workspace/Submit/confirm.php on line 4
[09-Apr-2016 23:44:35 UTC] PHP Stack trace:
[09-Apr-2016 23:44:35 UTC] PHP   1. {main}() /home/ubuntu/workspace/Submit/confirm.php:0
[09-Apr-2016 23:44:35 UTC] PHP Fatal error:  require_once(): Failed opening required '../MySQL/dbDonnect.php' (include_path='.:/usr/share/php:/usr/share/pear') in /home/ubuntu/workspace/Submit/confirm.php on line 4
[09-Apr-2016 23:44:35 UTC] PHP Stack trace:
[09-Apr-2016 23:44:35 UTC] PHP   1. {main}() /home/ubuntu/workspace/Submit/confirm.php:0
[09-Apr-2016 23:44:43 UTC] PHP Warning:  mysqli_fetch_assoc() expects parameter 1 to be mysqli_result, string given in /home/ubuntu/workspace/Submit/confirm.php on line 13
[09-Apr-2016 23:44:43 UTC] PHP Stack trace:
[09-Apr-2016 23:44:43 UTC] PHP   1. {main}() /home/ubuntu/workspace/Submit/confirm.php:0
[09-Apr-2016 23:44:43 UTC] PHP   2. mysqli_fetch_assoc() /home/ubuntu/workspace/Submit/confirm.php:13
[09-Apr-2016 23:44:43 UTC] PHP Warning:  mysqli_fetch_assoc() expects exactly 1 parameter, 2 given in /home/ubuntu/workspace/Submit/confirm.php on line 21
[09-Apr-2016 23:44:43 UTC] PHP Stack trace:
[09-Apr-2016 23:44:43 UTC] PHP   1. {main}() /home/ubuntu/workspace/Submit/confirm.php:0
[09-Apr-2016 23:44:43 UTC] PHP   2. mysqli_fetch_assoc() /home/ubuntu/workspace/Submit/confirm.php:21
[09-Apr-2016 23:44:43 UTC] PHP Warning:  mysqli_fetch_assoc() expects parameter 1 to be mysqli_result, boolean given in /home/ubuntu/workspace/Submit/confirm.php on line 36
[09-Apr-2016 23:44:43 UTC] PHP Stack trace:
[09-Apr-2016 23:44:43 UTC] PHP   1. {main}() /home/ubuntu/workspace/Submit/confirm.php:0
[09-Apr-2016 23:44:43 UTC] PHP   2. mysqli_fetch_assoc() /home/ubuntu/workspace/Submit/confirm.php:36
[09-Apr-2016 23:45:20 UTC] PHP Warning:  mysqli_fetch_assoc() expects exactly 1 parameter, 2 given in /home/ubuntu/workspace/Submit/confirm.php on line 21
[09-Apr-2016 23:45:20 UTC] PHP Stack trace:
[09-Apr-2016 23:45:20 UTC] PHP   1. {main}() /home/ubuntu/workspace/Submit/confirm.php:0
[09-Apr-2016 23:45:20 UTC] PHP   2. mysqli_fetch_assoc() /home/ubuntu/workspace/Submit/confirm.php:21
[09-Apr-2016 23:45:20 UTC] PHP Warning:  mysqli_fetch_assoc() expects parameter 1 to be mysqli_result, boolean given in /home/ubuntu/workspace/Submit/confirm.php on line 36
[09-Apr-2016 23:45:20 UTC] PHP Stack trace:
[09-Apr-2016 23:45:20 UTC] PHP   1. {main}() /home/ubuntu/workspace/Submit/confirm.php:0
[09-Apr-2016 23:45:20 UTC] PHP   2. mysqli_fetch_assoc() /home/ubuntu/workspace/Submit/confirm.php:36
[09-Apr-2016 23:45:56 UTC] PHP Warning:  mysqli_fetch_assoc() expects parameter 1 to be mysqli_result, null given in /home/ubuntu/workspace/Submit/confirm.php on line 21
[09-Apr-2016 23:45:56 UTC] PHP Stack trace:
[09-Apr-2016 23:45:56 UTC] PHP   1. {main}() /home/ubuntu/workspace/Submit/confirm.php:0
[09-Apr-2016 23:45:56 UTC] PHP   2. mysqli_fetch_assoc() /home/ubuntu/workspace/Submit/confirm.php:21
[09-Apr-2016 23:45:56 UTC] PHP Warning:  mysqli_fetch_assoc() expects parameter 1 to be mysqli_result, boolean given in /home/ubuntu/workspace/Submit/confirm.php on line 36
[09-Apr-2016 23:45:56 UTC] PHP Stack trace:
[09-Apr-2016 23:45:56 UTC] PHP   1. {main}() /home/ubuntu/workspace/Submit/confirm.php:0
[09-Apr-2016 23:45:56 UTC] PHP   2. mysqli_fetch_assoc() /home/ubuntu/workspace/Submit/confirm.php:36
[09-Apr-2016 23:46:15 UTC] PHP Warning:  mysqli_fetch_assoc() expects parameter 1 to be mysqli_result, string given in /home/ubuntu/workspace/Submit/confirm.php on line 21
[09-Apr-2016 23:46:15 UTC] PHP Stack trace:
[09-Apr-2016 23:46:15 UTC] PHP   1. {main}() /home/ubuntu/workspace/Submit/confirm.php:0
[09-Apr-2016 23:46:15 UTC] PHP   2. mysqli_fetch_assoc() /home/ubuntu/workspace/Submit/confirm.php:21
[09-Apr-2016 23:46:15 UTC] PHP Warning:  mysqli_fetch_assoc() expects parameter 1 to be mysqli_result, boolean given in /home/ubuntu/workspace/Submit/confirm.php on line 36
[09-Apr-2016 23:46:15 UTC] PHP Stack trace:
[09-Apr-2016 23:46:15 UTC] PHP   1. {main}() /home/ubuntu/workspace/Submit/confirm.php:0
[09-Apr-2016 23:46:15 UTC] PHP   2. mysqli_fetch_assoc() /home/ubuntu/workspace/Submit/confirm.php:36
[09-Apr-2016 23:46:36 UTC] PHP Warning:  mysqli_fetch_assoc() expects parameter 1 to be mysqli_result, boolean given in /home/ubuntu/workspace/Submit/confirm.php on line 21
[09-Apr-2016 23:46:36 UTC] PHP Stack trace:
[09-Apr-2016 23:46:36 UTC] PHP   1. {main}() /home/ubuntu/workspace/Submit/confirm.php:0
[09-Apr-2016 23:46:36 UTC] PHP   2. mysqli_fetch_assoc() /home/ubuntu/workspace/Submit/confirm.php:21
[09-Apr-2016 23:46:36 UTC] PHP Warning:  mysqli_fetch_assoc() expects parameter 1 to be mysqli_result, boolean given in /home/ubuntu/workspace/Submit/confirm.php on line 36
[09-Apr-2016 23:46:36 UTC] PHP Stack trace:
[09-Apr-2016 23:46:36 UTC] PHP   1. {main}() /home/ubuntu/workspace/Submit/confirm.php:0
[09-Apr-2016 23:46:36 UTC] PHP   2. mysqli_fetch_assoc() /home/ubuntu/workspace/Submit/confirm.php:36
[09-Apr-2016 23:46:38 UTC] PHP Warning:  mysqli_fetch_assoc() expects parameter 1 to be mysqli_result, boolean given in /home/ubuntu/workspace/Submit/confirm.php on line 21
[09-Apr-2016 23:46:38 UTC] PHP Stack trace:
[09-Apr-2016 23:46:38 UTC] PHP   1. {main}() /home/ubuntu/workspace/Submit/confirm.php:0
[09-Apr-2016 23:46:38 UTC] PHP   2. mysqli_fetch_assoc() /home/ubuntu/workspace/Submit/confirm.php:21
[09-Apr-2016 23:46:38 UTC] PHP Warning:  mysqli_fetch_assoc() expects parameter 1 to be mysqli_result, boolean given in /home/ubuntu/workspace/Submit/confirm.php on line 36
[09-Apr-2016 23:46:38 UTC] PHP Stack trace:
[09-Apr-2016 23:46:38 UTC] PHP   1. {main}() /home/ubuntu/workspace/Submit/confirm.php:0
[09-Apr-2016 23:46:38 UTC] PHP   2. mysqli_fetch_assoc() /home/ubuntu/workspace/Submit/confirm.php:36
[09-Apr-2016 23:47:21 UTC] PHP Warning:  mysqli_fetch_assoc() expects parameter 1 to be mysqli_result, boolean given in /home/ubuntu/workspace/Submit/confirm.php on line 21
[09-Apr-2016 23:47:21 UTC] PHP Stack trace:
[09-Apr-2016 23:47:21 UTC] PHP   1. {main}() /home/ubuntu/workspace/Submit/confirm.php:0
[09-Apr-2016 23:47:21 UTC] PHP   2. mysqli_fetch_assoc() /home/ubuntu/workspace/Submit/confirm.php:21
[09-Apr-2016 23:47:21 UTC] PHP Warning:  mysqli_fetch_assoc() expects parameter 1 to be mysqli_result, boolean given in /home/ubuntu/workspace/Submit/confirm.php on line 36
[09-Apr-2016 23:47:21 UTC] PHP Stack trace:
[09-Apr-2016 23:47:21 UTC] PHP   1. {main}() /home/ubuntu/workspace/Submit/confirm.php:0
[09-Apr-2016 23:47:21 UTC] PHP   2. mysqli_fetch_assoc() /home/ubuntu/workspace/Submit/confirm.php:36
[09-Apr-2016 23:49:20 UTC] PHP Warning:  mysqli_fetch_assoc() expects parameter 1 to be mysqli_result, boolean given in /home/ubuntu/workspace/Submit/confirm.php on line 21
[09-Apr-2016 23:49:20 UTC] PHP Stack trace:
[09-Apr-2016 23:49:20 UTC] PHP   1. {main}() /home/ubuntu/workspace/Submit/confirm.php:0
[09-Apr-2016 23:49:20 UTC] PHP   2. mysqli_fetch_assoc() /home/ubuntu/workspace/Submit/confirm.php:21
[09-Apr-2016 23:49:20 UTC] PHP Warning:  mysqli_fetch_assoc() expects parameter 1 to be mysqli_result, boolean given in /home/ubuntu/workspace/Submit/confirm.php on line 36
[09-Apr-2016 23:49:20 UTC] PHP Stack trace:
[09-Apr-2016 23:49:20 UTC] PHP   1. {main}() /home/ubuntu/workspace/Submit/confirm.php:0
[09-Apr-2016 23:49:20 UTC] PHP   2. mysqli_fetch_assoc() /home/ubuntu/workspace/Submit/confirm.php:36
[09-Apr-2016 23:49:48 UTC] PHP Warning:  mysqli_fetch_assoc() expects parameter 1 to be mysqli_result, boolean given in /home/ubuntu/workspace/Submit/confirm.php on line 37
[09-Apr-2016 23:49:48 UTC] PHP Stack trace:
[09-Apr-2016 23:49:48 UTC] PHP   1. {main}() /home/ubuntu/workspace/Submit/confirm.php:0
[09-Apr-2016 23:49:48 UTC] PHP   2. mysqli_fetch_assoc() /home/ubuntu/workspace/Submit/confirm.php:37
[09-Apr-2016 23:50:59 UTC] PHP Warning:  mysqli_fetch_assoc() expects parameter 1 to be mysqli_result, boolean given in /home/ubuntu/workspace/Submit/confirm.php on line 37
[09-Apr-2016 23:50:59 UTC] PHP Stack trace:
[09-Apr-2016 23:50:59 UTC] PHP   1. {main}() /home/ubuntu/workspace/Submit/confirm.php:0
[09-Apr-2016 23:50:59 UTC] PHP   2. mysqli_fetch_assoc() /home/ubuntu/workspace/Submit/confirm.php:37
[09-Apr-2016 23:53:06 UTC] PHP Warning:  mysqli_fetch_assoc() expects parameter 1 to be mysqli_result, boolean given in /home/ubuntu/workspace/Submit/confirm.php on line 37
[09-Apr-2016 23:53:06 UTC] PHP Stack trace:
[09-Apr-2016 23:53:06 UTC] PHP   1. {main}() /home/ubuntu/workspace/Submit/confirm.php:0
[09-Apr-2016 23:53:06 UTC] PHP   2. mysqli_fetch_assoc() /home/ubuntu/workspace/Submit/confirm.php:37
[09-Apr-2016 23:53:28 UTC] PHP Warning:  mysqli_fetch_assoc() expects parameter 1 to be mysqli_result, boolean given in /home/ubuntu/workspace/Submit/confirm.php on line 37
[09-Apr-2016 23:53:28 UTC] PHP Stack trace:
[09-Apr-2016 23:53:28 UTC] PHP   1. {main}() /home/ubuntu/workspace/Submit/confirm.php:0
[09-Apr-2016 23:53:28 UTC] PHP   2. mysqli_fetch_assoc() /home/ubuntu/workspace/Submit/confirm.php:37
[09-Apr-2016 23:53:49 UTC] PHP Warning:  mysqli_fetch_assoc() expects parameter 1 to be mysqli_result, boolean given in /home/ubuntu/workspace/Submit/confirm.php on line 37
[09-Apr-2016 23:53:49 UTC] PHP Stack trace:
[09-Apr-2016 23:53:49 UTC] PHP   1. {main}() /home/ubuntu/workspace/Submit/confirm.php:0
[09-Apr-2016 23:53:49 UTC] PHP   2. mysqli_fetch_assoc() /home/ubuntu/workspace/Submit/confirm.php:37
[09-Apr-2016 23:56:43 UTC] PHP Warning:  mysqli_fetch_assoc() expects parameter 1 to be mysqli_result, boolean given in /home/ubuntu/workspace/Submit/confirm.php on line 37
[09-Apr-2016 23:56:43 UTC] PHP Stack trace:
[09-Apr-2016 23:56:43 UTC] PHP   1. {main}() /home/ubuntu/workspace/Submit/confirm.php:0
[09-Apr-2016 23:56:43 UTC] PHP   2. mysqli_fetch_assoc() /home/ubuntu/workspace/Submit/confirm.php:37
[10-Apr-2016 00:45:05 UTC] PHP Parse error:  syntax error, unexpected '=' in /home/ubuntu/workspace/Submit/confirm.php on line 11
[10-Apr-2016 00:45:19 UTC] PHP Warning:  mysqli_fetch_assoc() expects parameter 1 to be mysqli_result, null given in /home/ubuntu/workspace/Submit/confirm.php on line 13
[10-Apr-2016 00:45:19 UTC] PHP Stack trace:
[10-Apr-2016 00:45:19 UTC] PHP   1. {main}() /home/ubuntu/workspace/Submit/confirm.php:0
[10-Apr-2016 00:45:19 UTC] PHP   2. mysqli_fetch_assoc() /home/ubuntu/workspace/Submit/confirm.php:13
[10-Apr-2016 00:52:12 UTC] PHP Parse error:  syntax error, unexpected 'l' (T_STRING), expecting ',' or ';' in /home/ubuntu/workspace/Submit/confirm.php on line 13
[10-Apr-2016 01:12:22 UTC] PHP Parse error:  syntax error, unexpected '}', expecting ',' or ';' in /home/ubuntu/workspace/Submit/confirm.php on line 19
[10-Apr-2016 01:27:50 UTC] PHP Parse error:  syntax error, unexpected ')' in /home/ubuntu/workspace/Submit/confirm.php on line 35
[10-Apr-2016 01:28:13 UTC] PHP Warning:  mysqli_fetch_assoc() expects parameter 1 to be mysqli_result, boolean given in /home/ubuntu/workspace/Submit/confirm.php on line 39
[10-Apr-2016 01:28:13 UTC] PHP Stack trace:
[10-Apr-2016 01:28:13 UTC] PHP   1. {main}() /home/ubuntu/workspace/Submit/confirm.php:0
[10-Apr-2016 01:28:13 UTC] PHP   2. mysqli_fetch_assoc() /home/ubuntu/workspace/Submit/confirm.php:39
[10-Apr-2016 01:28:44 UTC] PHP Warning:  mysqli_fetch_assoc() expects parameter 1 to be mysqli_result, boolean given in /home/ubuntu/workspace/Submit/confirm.php on line 31
[10-Apr-2016 01:28:44 UTC] PHP Stack trace:
[10-Apr-2016 01:28:44 UTC] PHP   1. {main}() /home/ubuntu/workspace/Submit/confirm.php:0
[10-Apr-2016 01:28:44 UTC] PHP   2. mysqli_fetch_assoc() /home/ubuntu/workspace/Submit/confirm.php:31
[10-Apr-2016 01:29:29 UTC] PHP Warning:  mysqli_fetch_assoc() expects parameter 1 to be mysqli_result, boolean given in /home/ubuntu/workspace/Submit/confirm.php on line 31
[10-Apr-2016 01:29:29 UTC] PHP Stack trace:
[10-Apr-2016 01:29:29 UTC] PHP   1. {main}() /home/ubuntu/workspace/Submit/confirm.php:0
[10-Apr-2016 01:29:29 UTC] PHP   2. mysqli_fetch_assoc() /home/ubuntu/workspace/Submit/confirm.php:31
[10-Apr-2016 01:29:44 UTC] PHP Warning:  mysqli_fetch_assoc() expects parameter 1 to be mysqli_result, boolean given in /home/ubuntu/workspace/Submit/confirm.php on line 31
[10-Apr-2016 01:29:44 UTC] PHP Stack trace:
[10-Apr-2016 01:29:44 UTC] PHP   1. {main}() /home/ubuntu/workspace/Submit/confirm.php:0
[10-Apr-2016 01:29:44 UTC] PHP   2. mysqli_fetch_assoc() /home/ubuntu/workspace/Submit/confirm.php:31
[10-Apr-2016 01:30:16 UTC] PHP Warning:  mysqli_fetch_assoc() expects parameter 1 to be mysqli_result, boolean given in /home/ubuntu/workspace/Submit/confirm.php on line 31
[10-Apr-2016 01:30:16 UTC] PHP Stack trace:
[10-Apr-2016 01:30:16 UTC] PHP   1. {main}() /home/ubuntu/workspace/Submit/confirm.php:0
[10-Apr-2016 01:30:16 UTC] PHP   2. mysqli_fetch_assoc() /home/ubuntu/workspace/Submit/confirm.php:31
[10-Apr-2016 01:32:50 UTC] PHP Warning:  mysqli_fetch_assoc() expects parameter 1 to be mysqli_result, boolean given in /home/ubuntu/workspace/Submit/confirm.php on line 31
[10-Apr-2016 01:32:50 UTC] PHP Stack trace:
[10-Apr-2016 01:32:50 UTC] PHP   1. {main}() /home/ubuntu/workspace/Submit/confirm.php:0
[10-Apr-2016 01:32:50 UTC] PHP   2. mysqli_fetch_assoc() /home/ubuntu/workspace/Submit/confirm.php:31
[10-Apr-2016 01:33:03 UTC] PHP Warning:  mysqli_fetch_assoc() expects parameter 1 to be mysqli_result, boolean given in /home/ubuntu/workspace/Submit/confirm.php on line 31
[10-Apr-2016 01:33:03 UTC] PHP Stack trace:
[10-Apr-2016 01:33:03 UTC] PHP   1. {main}() /home/ubuntu/workspace/Submit/confirm.php:0
[10-Apr-2016 01:33:03 UTC] PHP   2. mysqli_fetch_assoc() /home/ubuntu/workspace/Submit/confirm.php:31
[10-Apr-2016 01:33:42 UTC] PHP Warning:  mysqli_fetch_assoc() expects parameter 1 to be mysqli_result, boolean given in /home/ubuntu/workspace/Submit/confirm.php on line 31
[10-Apr-2016 01:33:42 UTC] PHP Stack trace:
[10-Apr-2016 01:33:42 UTC] PHP   1. {main}() /home/ubuntu/workspace/Submit/confirm.php:0
[10-Apr-2016 01:33:42 UTC] PHP   2. mysqli_fetch_assoc() /home/ubuntu/workspace/Submit/confirm.php:31
[10-Apr-2016 01:34:36 UTC] PHP Warning:  mysqli_fetch_assoc() expects parameter 1 to be mysqli_result, boolean given in /home/ubuntu/workspace/Submit/confirm.php on line 31
[10-Apr-2016 01:34:36 UTC] PHP Stack trace:
[10-Apr-2016 01:34:36 UTC] PHP   1. {main}() /home/ubuntu/workspace/Submit/confirm.php:0
[10-Apr-2016 01:34:36 UTC] PHP   2. mysqli_fetch_assoc() /home/ubuntu/workspace/Submit/confirm.php:31
[10-Apr-2016 01:35:36 UTC] PHP Parse error:  syntax error, unexpected '"<br>"' (T_CONSTANT_ENCAPSED_STRING), expecting ',' or ';' in /home/ubuntu/workspace/Submit/confirm.php on line 44
[10-Apr-2016 02:24:09 UTC] PHP Parse error:  syntax error, unexpected '}', expecting ',' or ';' in /home/ubuntu/workspace/Browse/browse.php on line 42
[10-Apr-2016 02:28:02 UTC] PHP Warning:  mysqli_fetch_assoc() expects parameter 1 to be mysqli_result, boolean given in /home/ubuntu/workspace/Browse/browse.php on line 10
[10-Apr-2016 02:28:02 UTC] PHP Stack trace:
[10-Apr-2016 02:28:02 UTC] PHP   1. {main}() /home/ubuntu/workspace/Browse/browse.php:0
[10-Apr-2016 02:28:02 UTC] PHP   2. mysqli_fetch_assoc() /home/ubuntu/workspace/Browse/browse.php:10
[10-Apr-2016 02:28:02 UTC] PHP Warning:  mysqli_fetch_assoc() expects parameter 1 to be mysqli_result, boolean given in /home/ubuntu/workspace/Browse/browse.php on line 31
[10-Apr-2016 02:28:02 UTC] PHP Stack trace:
[10-Apr-2016 02:28:02 UTC] PHP   1. {main}() /home/ubuntu/workspace/Browse/browse.php:0
[10-Apr-2016 02:28:02 UTC] PHP   2. mysqli_fetch_assoc() /home/ubuntu/workspace/Browse/browse.php:31
[10-Apr-2016 02:28:18 UTC] PHP Warning:  mysqli_fetch_assoc() expects parameter 1 to be mysqli_result, boolean given in /home/ubuntu/workspace/Browse/browse.php on line 31
[10-Apr-2016 02:28:18 UTC] PHP Stack trace:
[10-Apr-2016 02:28:18 UTC] PHP   1. {main}() /home/ubuntu/workspace/Browse/browse.php:0
[10-Apr-2016 02:28:18 UTC] PHP   2. mysqli_fetch_assoc() /home/ubuntu/workspace/Browse/browse.php:31
[10-Apr-2016 02:29:14 UTC] PHP Warning:  mysqli_fetch_assoc() expects parameter 1 to be mysqli_result, boolean given in /home/ubuntu/workspace/Browse/browse.php on line 31
[10-Apr-2016 02:29:14 UTC] PHP Stack trace:
[10-Apr-2016 02:29:14 UTC] PHP   1. {main}() /home/ubuntu/workspace/Browse/browse.php:0
[10-Apr-2016 02:29:14 UTC] PHP   2. mysqli_fetch_assoc() /home/ubuntu/workspace/Browse/browse.php:31
[10-Apr-2016 02:38:44 UTC] PHP Warning:  mysqli_fetch_assoc() expects parameter 1 to be mysqli_result, boolean given in /home/ubuntu/workspace/Browse/browse.php on line 10
[10-Apr-2016 02:38:44 UTC] PHP Stack trace:
[10-Apr-2016 02:38:44 UTC] PHP   1. {main}() /home/ubuntu/workspace/Browse/browse.php:0
[10-Apr-2016 02:38:44 UTC] PHP   2. mysqli_fetch_assoc() /home/ubuntu/workspace/Browse/browse.php:10
[10-Apr-2016 02:38:44 UTC] PHP Warning:  mysqli_fetch_assoc() expects parameter 1 to be mysqli_result, boolean given in /home/ubuntu/workspace/Browse/browse.php on line 38
[10-Apr-2016 02:38:44 UTC] PHP Stack trace:
[10-Apr-2016 02:38:44 UTC] PHP   1. {main}() /home/ubuntu/workspace/Browse/browse.php:0
[10-Apr-2016 02:38:44 UTC] PHP   2. mysqli_fetch_assoc() /home/ubuntu/workspace/Browse/browse.php:38
[10-Apr-2016 03:33:03 UTC] PHP Fatal error:  Cannot use isset() on the result of an expression (you can use "null !== expression" instead) in /home/ubuntu/workspace/Browse/browse.php on line 9
[10-Apr-2016 03:33:49 UTC] PHP Fatal error:  Cannot use isset() on the result of an expression (you can use "null !== expression" instead) in /home/ubuntu/workspace/Browse/browse.php on line 9
[10-Apr-2016 03:33:50 UTC] PHP Fatal error:  Cannot use isset() on the result of an expression (you can use "null !== expression" instead) in /home/ubuntu/workspace/Browse/browse.php on line 9
[10-Apr-2016 03:34:03 UTC] PHP Parse error:  syntax error, unexpected '}', expecting ',' or ';' in /home/ubuntu/workspace/Browse/browse.php on line 44
[10-Apr-2016 03:34:17 UTC] PHP Warning:  mysqli_fetch_assoc() expects parameter 1 to be mysqli_result, boolean given in /home/ubuntu/workspace/Browse/browse.php on line 15
[10-Apr-2016 03:34:17 UTC] PHP Stack trace:
[10-Apr-2016 03:34:17 UTC] PHP   1. {main}() /home/ubuntu/workspace/Browse/browse.php:0
[10-Apr-2016 03:34:17 UTC] PHP   2. mysqli_fetch_assoc() /home/ubuntu/workspace/Browse/browse.php:15
[10-Apr-2016 03:34:17 UTC] PHP Warning:  mysqli_fetch_assoc() expects parameter 1 to be mysqli_result, boolean given in /home/ubuntu/workspace/Browse/browse.php on line 48
[10-Apr-2016 03:34:17 UTC] PHP Stack trace:
[10-Apr-2016 03:34:17 UTC] PHP   1. {main}() /home/ubuntu/workspace/Browse/browse.php:0
[10-Apr-2016 03:34:17 UTC] PHP   2. mysqli_fetch_assoc() /home/ubuntu/workspace/Browse/browse.php:48
[10-Apr-2016 03:41:54 UTC] PHP Warning:  mysqli_fetch_assoc() expects parameter 1 to be mysqli_result, boolean given in /home/ubuntu/workspace/Browse/browse.php on line 15
[10-Apr-2016 03:41:54 UTC] PHP Stack trace:
[10-Apr-2016 03:41:54 UTC] PHP   1. {main}() /home/ubuntu/workspace/Browse/browse.php:0
[10-Apr-2016 03:41:54 UTC] PHP   2. mysqli_fetch_assoc() /home/ubuntu/workspace/Browse/browse.php:15
[10-Apr-2016 03:41:54 UTC] PHP Warning:  mysqli_fetch_assoc() expects parameter 1 to be mysqli_result, boolean given in /home/ubuntu/workspace/Browse/browse.php on line 49
[10-Apr-2016 03:41:54 UTC] PHP Stack trace:
[10-Apr-2016 03:41:54 UTC] PHP   1. {main}() /home/ubuntu/workspace/Browse/browse.php:0
[10-Apr-2016 03:41:54 UTC] PHP   2. mysqli_fetch_assoc() /home/ubuntu/workspace/Browse/browse.php:49
[10-Apr-2016 03:50:11 UTC] PHP Warning:  mysqli_fetch_assoc() expects parameter 1 to be mysqli_result, boolean given in /home/ubuntu/workspace/Browse/browse.php on line 15
[10-Apr-2016 03:50:11 UTC] PHP Stack trace:
[10-Apr-2016 03:50:11 UTC] PHP   1. {main}() /home/ubuntu/workspace/Browse/browse.php:0
[10-Apr-2016 03:50:11 UTC] PHP   2. mysqli_fetch_assoc() /home/ubuntu/workspace/Browse/browse.php:15
[10-Apr-2016 03:50:11 UTC] PHP Warning:  mysqli_fetch_assoc() expects parameter 1 to be mysqli_result, boolean given in /home/ubuntu/workspace/Browse/browse.php on line 49
[10-Apr-2016 03:50:11 UTC] PHP Stack trace:
[10-Apr-2016 03:50:11 UTC] PHP   1. {main}() /home/ubuntu/workspace/Browse/browse.php:0
[10-Apr-2016 03:50:11 UTC] PHP   2. mysqli_fetch_assoc() /home/ubuntu/workspace/Browse/browse.php:49
[10-Apr-2016 03:53:16 UTC] PHP Warning:  mysqli_fetch_assoc() expects parameter 1 to be mysqli_result, boolean given in /home/ubuntu/workspace/Browse/browse.php on line 15
[10-Apr-2016 03:53:16 UTC] PHP Stack trace:
[10-Apr-2016 03:53:16 UTC] PHP   1. {main}() /home/ubuntu/workspace/Browse/browse.php:0
[10-Apr-2016 03:53:16 UTC] PHP   2. mysqli_fetch_assoc() /home/ubuntu/workspace/Browse/browse.php:15
[10-Apr-2016 03:53:16 UTC] PHP Warning:  mysqli_fetch_assoc() expects parameter 1 to be mysqli_result, boolean given in /home/ubuntu/workspace/Browse/browse.php on line 49
[10-Apr-2016 03:53:16 UTC] PHP Stack trace:
[10-Apr-2016 03:53:16 UTC] PHP   1. {main}() /home/ubuntu/workspace/Browse/browse.php:0
[10-Apr-2016 03:53:16 UTC] PHP   2. mysqli_fetch_assoc() /home/ubuntu/workspace/Browse/browse.php:49
[10-Apr-2016 03:56:18 UTC] PHP Parse error:  syntax error, unexpected 'if' (T_IF), expecting ',' or ';' in /home/ubuntu/workspace/Browse/browse.php on line 57
[10-Apr-2016 03:56:38 UTC] PHP Parse error:  syntax error, unexpected 'if' (T_IF), expecting ',' or ';' in /home/ubuntu/workspace/Browse/browse.php on line 57
[10-Apr-2016 03:56:39 UTC] PHP Parse error:  syntax error, unexpected 'if' (T_IF), expecting ',' or ';' in /home/ubuntu/workspace/Browse/browse.php on line 57
[10-Apr-2016 03:58:10 UTC] PHP Warning:  mysqli_fetch_assoc() expects parameter 1 to be mysqli_result, boolean given in /home/ubuntu/workspace/Browse/browse.php on line 50
[10-Apr-2016 03:58:10 UTC] PHP Stack trace:
[10-Apr-2016 03:58:10 UTC] PHP   1. {main}() /home/ubuntu/workspace/Browse/browse.php:0
[10-Apr-2016 03:58:10 UTC] PHP   2. mysqli_fetch_assoc() /home/ubuntu/workspace/Browse/browse.php:50
[10-Apr-2016 03:58:23 UTC] PHP Warning:  mysqli_fetch_assoc() expects parameter 1 to be mysqli_result, boolean given in /home/ubuntu/workspace/Browse/browse.php on line 50
[10-Apr-2016 03:58:23 UTC] PHP Stack trace:
[10-Apr-2016 03:58:23 UTC] PHP   1. {main}() /home/ubuntu/workspace/Browse/browse.php:0
[10-Apr-2016 03:58:23 UTC] PHP   2. mysqli_fetch_assoc() /home/ubuntu/workspace/Browse/browse.php:50
[10-Apr-2016 03:58:24 UTC] PHP Warning:  mysqli_fetch_assoc() expects parameter 1 to be mysqli_result, boolean given in /home/ubuntu/workspace/Browse/browse.php on line 50
[10-Apr-2016 03:58:24 UTC] PHP Stack trace:
[10-Apr-2016 03:58:24 UTC] PHP   1. {main}() /home/ubuntu/workspace/Browse/browse.php:0
[10-Apr-2016 03:58:24 UTC] PHP   2. mysqli_fetch_assoc() /home/ubuntu/workspace/Browse/browse.php:50
[10-Apr-2016 03:58:25 UTC] PHP Warning:  mysqli_fetch_assoc() expects parameter 1 to be mysqli_result, boolean given in /home/ubuntu/workspace/Browse/browse.php on line 50
[10-Apr-2016 03:58:25 UTC] PHP Stack trace:
[10-Apr-2016 03:58:25 UTC] PHP   1. {main}() /home/ubuntu/workspace/Browse/browse.php:0
[10-Apr-2016 03:58:25 UTC] PHP   2. mysqli_fetch_assoc() /home/ubuntu/workspace/Browse/browse.php:50
[10-Apr-2016 03:58:26 UTC] PHP Warning:  mysqli_fetch_assoc() expects parameter 1 to be mysqli_result, boolean given in /home/ubuntu/workspace/Browse/browse.php on line 50
[10-Apr-2016 03:58:26 UTC] PHP Stack trace:
[10-Apr-2016 03:58:26 UTC] PHP   1. {main}() /home/ubuntu/workspace/Browse/browse.php:0
[10-Apr-2016 03:58:26 UTC] PHP   2. mysqli_fetch_assoc() /home/ubuntu/workspace/Browse/browse.php:50
[10-Apr-2016 03:58:26 UTC] PHP Warning:  mysqli_fetch_assoc() expects parameter 1 to be mysqli_result, boolean given in /home/ubuntu/workspace/Browse/browse.php on line 50
[10-Apr-2016 03:58:26 UTC] PHP Stack trace:
[10-Apr-2016 03:58:26 UTC] PHP   1. {main}() /home/ubuntu/workspace/Browse/browse.php:0
[10-Apr-2016 03:58:26 UTC] PHP   2. mysqli_fetch_assoc() /home/ubuntu/workspace/Browse/browse.php:50
[10-Apr-2016 03:58:26 UTC] PHP Warning:  mysqli_fetch_assoc() expects parameter 1 to be mysqli_result, boolean given in /home/ubuntu/workspace/Browse/browse.php on line 50
[10-Apr-2016 03:58:26 UTC] PHP Stack trace:
[10-Apr-2016 03:58:26 UTC] PHP   1. {main}() /home/ubuntu/workspace/Browse/browse.php:0
[10-Apr-2016 03:58:26 UTC] PHP   2. mysqli_fetch_assoc() /home/ubuntu/workspace/Browse/browse.php:50
[10-Apr-2016 03:58:27 UTC] PHP Warning:  mysqli_fetch_assoc() expects parameter 1 to be mysqli_result, boolean given in /home/ubuntu/workspace/Browse/browse.php on line 50
[10-Apr-2016 03:58:27 UTC] PHP Stack trace:
[10-Apr-2016 03:58:27 UTC] PHP   1. {main}() /home/ubuntu/workspace/Browse/browse.php:0
[10-Apr-2016 03:58:27 UTC] PHP   2. mysqli_fetch_assoc() /home/ubuntu/workspace/Browse/browse.php:50
[10-Apr-2016 03:58:27 UTC] PHP Warning:  mysqli_fetch_assoc() expects parameter 1 to be mysqli_result, boolean given in /home/ubuntu/workspace/Browse/browse.php on line 50
[10-Apr-2016 03:58:27 UTC] PHP Stack trace:
[10-Apr-2016 03:58:27 UTC] PHP   1. {main}() /home/ubuntu/workspace/Browse/browse.php:0
[10-Apr-2016 03:58:27 UTC] PHP   2. mysqli_fetch_assoc() /home/ubuntu/workspace/Browse/browse.php:50
[10-Apr-2016 03:58:27 UTC] PHP Warning:  mysqli_fetch_assoc() expects parameter 1 to be mysqli_result, boolean given in /home/ubuntu/workspace/Browse/browse.php on line 50
[10-Apr-2016 03:58:27 UTC] PHP Stack trace:
[10-Apr-2016 03:58:27 UTC] PHP   1. {main}() /home/ubuntu/workspace/Browse/browse.php:0
[10-Apr-2016 03:58:27 UTC] PHP   2. mysqli_fetch_assoc() /home/ubuntu/workspace/Browse/browse.php:50
[10-Apr-2016 03:58:27 UTC] PHP Warning:  mysqli_fetch_assoc() expects parameter 1 to be mysqli_result, boolean given in /home/ubuntu/workspace/Browse/browse.php on line 50
[10-Apr-2016 03:58:27 UTC] PHP Stack trace:
[10-Apr-2016 03:58:27 UTC] PHP   1. {main}() /home/ubuntu/workspace/Browse/browse.php:0
[10-Apr-2016 03:58:27 UTC] PHP   2. mysqli_fetch_assoc() /home/ubuntu/workspace/Browse/browse.php:50
[10-Apr-2016 03:58:28 UTC] PHP Warning:  mysqli_fetch_assoc() expects parameter 1 to be mysqli_result, boolean given in /home/ubuntu/workspace/Browse/browse.php on line 50
[10-Apr-2016 03:58:28 UTC] PHP Stack trace:
[10-Apr-2016 03:58:28 UTC] PHP   1. {main}() /home/ubuntu/workspace/Browse/browse.php:0
[10-Apr-2016 03:58:28 UTC] PHP   2. mysqli_fetch_assoc() /home/ubuntu/workspace/Browse/browse.php:50
[10-Apr-2016 03:59:37 UTC] PHP Warning:  mysqli_fetch_assoc() expects parameter 1 to be mysqli_result, boolean given in /home/ubuntu/workspace/Browse/browse.php on line 50
[10-Apr-2016 03:59:37 UTC] PHP Stack trace:
[10-Apr-2016 03:59:37 UTC] PHP   1. {main}() /home/ubuntu/workspace/Browse/browse.php:0
[10-Apr-2016 03:59:37 UTC] PHP   2. mysqli_fetch_assoc() /home/ubuntu/workspace/Browse/browse.php:50
[10-Apr-2016 03:59:43 UTC] PHP Warning:  mysqli_fetch_assoc() expects parameter 1 to be mysqli_result, boolean given in /home/ubuntu/workspace/Browse/browse.php on line 50
[10-Apr-2016 03:59:43 UTC] PHP Stack trace:
[10-Apr-2016 03:59:43 UTC] PHP   1. {main}() /home/ubuntu/workspace/Browse/browse.php:0
[10-Apr-2016 03:59:43 UTC] PHP   2. mysqli_fetch_assoc() /home/ubuntu/workspace/Browse/browse.php:50
[10-Apr-2016 03:59:44 UTC] PHP Warning:  mysqli_fetch_assoc() expects parameter 1 to be mysqli_result, boolean given in /home/ubuntu/workspace/Browse/browse.php on line 50
[10-Apr-2016 03:59:44 UTC] PHP Stack trace:
[10-Apr-2016 03:59:44 UTC] PHP   1. {main}() /home/ubuntu/workspace/Browse/browse.php:0
[10-Apr-2016 03:59:44 UTC] PHP   2. mysqli_fetch_assoc() /home/ubuntu/workspace/Browse/browse.php:50
[10-Apr-2016 04:04:55 UTC] PHP Warning:  require_once(MySQL/dbConnect.php): failed to open stream: No such file or directory in /home/ubuntu/workspace/Index/index.php on line 2
[10-Apr-2016 04:04:55 UTC] PHP Stack trace:
[10-Apr-2016 04:04:55 UTC] PHP   1. {main}() /home/ubuntu/workspace/Index/index.php:0
[10-Apr-2016 04:04:55 UTC] PHP Fatal error:  require_once(): Failed opening required 'MySQL/dbConnect.php' (include_path='.:/usr/share/php:/usr/share/pear') in /home/ubuntu/workspace/Index/index.php on line 2
[10-Apr-2016 04:04:55 UTC] PHP Stack trace:
[10-Apr-2016 04:04:55 UTC] PHP   1. {main}() /home/ubuntu/workspace/Index/index.php:0
[10-Apr-2016 04:08:35 UTC] PHP Warning:  require_once(MySQL/dbConnect.php): failed to open stream: No such file or directory in /home/ubuntu/workspace/Index/index.php on line 2
[10-Apr-2016 04:08:35 UTC] PHP Stack trace:
[10-Apr-2016 04:08:35 UTC] PHP   1. {main}() /home/ubuntu/workspace/Index/index.php:0
[10-Apr-2016 04:08:35 UTC] PHP Fatal error:  require_once(): Failed opening required 'MySQL/dbConnect.php' (include_path='.:/usr/share/php:/usr/share/pear') in /home/ubuntu/workspace/Index/index.php on line 2
[10-Apr-2016 04:08:35 UTC] PHP Stack trace:
[10-Apr-2016 04:08:35 UTC] PHP   1. {main}() /home/ubuntu/workspace/Index/index.php:0
